SF:lib/src/widgets/board/chess_board_widget.dart
DA:16,5
DA:25,5
DA:26,5
DA:35,5
DA:37,10
DA:38,5
DA:41,2
DA:42,4
DA:43,2
DA:45,6
DA:48,2
DA:49,12
DA:52,4
DA:53,12
DA:54,2
DA:56,6
DA:57,4
DA:58,6
DA:60,4
DA:61,2
DA:62,4
DA:69,10
DA:70,6
DA:71,4
DA:72,2
DA:73,12
DA:76,0
DA:77,0
DA:78,0
DA:83,0
DA:84,0
DA:86,0
DA:87,0
DA:89,0
DA:90,0
DA:91,0
DA:92,0
DA:93,0
DA:94,0
DA:95,0
DA:96,0
DA:97,0
DA:98,0
DA:99,0
DA:105,0
DA:106,0
DA:111,2
DA:112,6
DA:113,4
DA:116,1
DA:117,3
DA:118,1
DA:120,1
DA:121,1
DA:123,1
DA:124,1
DA:127,1
DA:129,2
DA:130,1
DA:131,1
DA:132,3
DA:133,1
DA:135,1
DA:136,1
DA:141,1
DA:148,1
DA:154,3
DA:158,5
DA:160,15
DA:161,15
DA:163,15
DA:164,15
DA:166,5
DA:167,5
DA:168,15
DA:169,0
DA:170,5
DA:171,5
DA:173,5
DA:174,5
DA:175,5
DA:176,5
DA:177,5
DA:180,5
DA:181,5
DA:182,5
DA:183,5
DA:184,5
DA:185,5
DA:191,5
DA:192,5
DA:193,5
DA:194,5
DA:196,5
DA:200,5
DA:202,5
DA:203,5
DA:205,15
DA:206,10
DA:207,5
DA:209,5
DA:210,10
DA:211,10
DA:212,15
DA:213,16
DA:215,5
DA:216,5
DA:223,15
DA:225,5
DA:229,30
DA:230,10
DA:232,5
DA:233,4
DA:234,5
DA:235,5
DA:238,0
DA:241,5
DA:243,5
DA:245,15
DA:246,5
DA:249,5
DA:250,5
DA:251,5
DA:258,15
DA:259,5
DA:262,5
DA:263,5
DA:264,5
DA:274,1
DA:289,5
DA:290,5
DA:291,5
DA:292,5
DA:294,10
DA:295,5
DA:296,5
DA:297,10
DA:309,2
DA:310,2
DA:311,2
DA:312,2
DA:316,0
LF:142
LH:119
end_of_record
SF:lib/src/screens/certification_screen.dart
DA:12,2
DA:14,2
DA:16,4
DA:17,4
DA:18,2
DA:21,2
DA:22,4
DA:25,2
DA:27,2
DA:29,2
DA:30,10
DA:31,2
DA:32,2
DA:34,2
DA:36,10
DA:37,2
DA:43,2
DA:44,2
DA:45,2
DA:46,2
DA:47,2
DA:53,2
DA:54,2
DA:77,2
DA:78,4
DA:85,2
DA:87,2
DA:89,2
DA:90,4
DA:113,2
DA:114,2
DA:115,4
DA:117,2
DA:120,2
DA:122,2
DA:123,2
DA:125,2
DA:127,2
DA:128,2
DA:133,2
DA:138,2
DA:141,2
DA:142,2
DA:143,6
DA:149,2
DA:150,2
DA:159,2
DA:161,2
DA:163,2
DA:164,2
DA:166,2
DA:168,2
DA:174,2
DA:178,2
DA:182,2
DA:191,1
DA:192,1
DA:200,2
DA:202,2
DA:203,2
DA:205,2
DA:216,2
DA:217,2
DA:218,2
DA:219,2
DA:222,2
DA:225,2
DA:230,2
DA:231,2
DA:233,2
DA:235,2
DA:238,2
DA:239,2
DA:241,2
DA:242,2
DA:244,2
LF:76
LH:76
end_of_record
SF:lib/src/theme/chess_theme.dart
DA:37,3
DA:38,3
DA:48,3
DA:51,3
DA:53,3
DA:85,3
DA:86,3
DA:96,3
DA:99,3
DA:101,3
LF:10
LH:10
end_of_record
SF:lib/src/widgets/radar/skill_radar_widget.dart
DA:11,3
DA:17,3
DA:19,3
DA:20,3
DA:21,9
DA:22,3
DA:23,3
DA:24,3
DA:25,3
DA:26,3
DA:27,3
DA:40,3
DA:45,3
DA:47,15
DA:48,9
DA:50,3
DA:51,6
DA:53,3
DA:54,3
DA:55,3
DA:56,3
DA:59,6
DA:60,6
DA:61,3
DA:62,6
DA:63,9
DA:64,12
DA:65,12
DA:66,3
DA:67,3
DA:69,3
DA:72,3
DA:73,3
DA:77,3
DA:82,6
DA:83,9
DA:84,3
DA:85,12
DA:86,12
DA:88,3
DA:91,3
DA:92,3
DA:93,12
DA:94,12
DA:97,6
DA:98,9
DA:105,3
DA:106,3
DA:108,27
DA:113,3
DA:114,2
DA:115,4
DA:116,8
DA:117,6
DA:118,2
DA:119,18
DA:120,2
DA:121,6
DA:123,6
DA:126,2
DA:128,2
DA:129,4
DA:130,2
DA:131,2
DA:132,2
DA:133,2
DA:134,2
DA:136,2
DA:137,2
DA:141,3
DA:142,6
DA:143,12
DA:144,9
DA:145,3
DA:146,27
DA:147,3
DA:148,9
DA:150,9
DA:153,3
DA:155,3
DA:156,6
DA:157,3
DA:158,3
DA:159,3
DA:160,3
DA:161,3
DA:163,3
DA:164,3
DA:167,6
DA:168,6
DA:169,12
DA:170,9
DA:171,3
DA:172,27
DA:173,3
DA:177,0
LF:96
LH:95
end_of_record
SF:lib/src/screens/analysis_screen.dart
DA:18,2
DA:25,2
DA:26,2
DA:45,2
DA:47,2
DA:48,6
DA:49,0
DA:50,0
DA:51,0
DA:52,4
DA:53,2
DA:56,2
DA:69,6
DA:70,0
DA:71,8
DA:72,0
DA:75,4
DA:78,8
DA:79,4
DA:80,8
DA:82,6
DA:83,2
DA:84,6
DA:85,8
DA:89,2
DA:92,2
DA:93,4
DA:94,10
DA:95,10
DA:96,10
DA:100,1
DA:101,2
DA:102,5
DA:106,1
DA:107,2
DA:108,1
DA:111,4
DA:112,2
DA:113,3
DA:114,2
DA:115,2
DA:119,4
DA:120,3
DA:121,4
DA:122,1
DA:124,3
DA:125,2
DA:127,1
DA:129,1
DA:132,2
DA:135,2
DA:138,2
DA:139,4
DA:140,3
DA:141,1
DA:142,3
DA:144,2
DA:145,1
DA:150,2
DA:151,1
DA:152,1
DA:156,2
DA:158,4
DA:159,4
DA:160,2
DA:163,2
DA:165,6
DA:166,6
DA:168,2
DA:170,2
DA:172,2
DA:173,2
DA:175,2
DA:177,2
DA:178,2
DA:179,2
DA:180,2
DA:182,2
DA:183,2
DA:185,2
DA:191,2
DA:194,2
DA:195,2
DA:206,2
DA:208,2
DA:209,2
DA:211,4
DA:213,2
DA:215,4
DA:217,2
DA:219,2
DA:220,10
DA:224,2
DA:226,10
DA:228,2
DA:230,10
DA:241,2
DA:243,2
DA:244,2
DA:246,2
DA:248,2
DA:251,2
DA:252,4
DA:253,0
DA:254,2
DA:255,2
DA:256,2
DA:257,4
DA:263,2
DA:264,2
DA:265,2
DA:266,4
DA:268,4
DA:273,2
DA:274,2
DA:275,6
DA:276,2
DA:277,4
DA:287,2
DA:288,4
DA:289,2
DA:291,4
DA:292,0
DA:293,2
DA:301,2
DA:303,2
DA:305,2
DA:306,2
DA:308,2
DA:310,2
DA:327,2
DA:328,2
DA:330,2
DA:331,2
DA:336,4
DA:340,2
DA:341,2
DA:342,2
DA:345,4
DA:346,2
DA:351,4
DA:360,2
DA:361,0
DA:363,0
DA:365,0
DA:366,0
DA:367,0
DA:370,0
DA:372,0
DA:373,0
DA:375,0
DA:376,0
DA:377,0
DA:378,0
DA:380,0
DA:381,0
DA:382,0
DA:383,0
DA:384,0
DA:386,0
DA:387,0
DA:388,0
DA:391,0
DA:398,0
DA:399,0
DA:404,0
DA:405,0
DA:406,0
DA:412,0
DA:413,0
DA:417,0
DA:418,0
DA:422,0
DA:424,0
DA:426,0
DA:428,0
DA:429,0
DA:432,0
DA:433,0
DA:434,0
DA:445,2
DA:448,2
DA:450,2
DA:451,4
DA:452,2
DA:453,2
LF:186
LH:141
end_of_record
SF:lib/src/screens/play_screen.dart
DA:18,3
DA:26,3
DA:27,3
DA:45,3
DA:47,3
DA:48,12
DA:50,9
DA:51,0
DA:52,0
DA:54,6
DA:57,3
DA:58,0
DA:59,0
DA:62,6
DA:63,9
DA:64,1
DA:65,1
DA:66,0
DA:67,6
DA:69,3
DA:70,6
DA:73,3
DA:74,9
DA:75,9
DA:76,6
DA:77,6
DA:78,6
DA:79,0
DA:80,6
DA:81,0
DA:88,1
DA:89,1
DA:91,2
DA:92,1
DA:94,2
DA:95,2
DA:97,3
DA:98,3
DA:99,4
DA:100,2
DA:106,4
DA:108,2
DA:109,5
DA:110,1
DA:111,3
DA:112,3
DA:113,1
DA:114,1
DA:115,1
DA:116,1
DA:117,1
DA:121,2
DA:122,1
DA:123,0
DA:127,2
DA:130,6
DA:131,1
DA:135,0
DA:136,0
DA:137,0
DA:138,0
DA:139,0
DA:140,0
DA:141,0
DA:142,0
DA:143,0
DA:147,0
DA:148,0
DA:149,0
DA:150,0
DA:154,1
DA:155,1
DA:156,4
DA:157,2
DA:159,1
DA:160,0
DA:164,0
DA:165,0
DA:166,0
DA:167,0
DA:170,0
DA:173,0
DA:174,0
DA:175,0
DA:177,0
DA:178,0
DA:179,0
DA:180,0
DA:181,0
DA:183,0
DA:185,0
DA:188,0
DA:189,0
DA:190,0
DA:191,0
DA:193,0
DA:195,0
DA:196,0
DA:197,0
DA:199,0
DA:201,0
DA:204,3
DA:206,6
DA:207,6
DA:208,3
DA:211,3
DA:213,3
DA:215,3
DA:216,3
DA:217,3
DA:218,0
DA:220,0
DA:222,0
DA:223,0
DA:226,0
DA:227,0
DA:228,0
DA:232,0
DA:233,0
DA:234,0
DA:238,0
DA:239,0
DA:245,3
DA:246,3
DA:248,3
DA:249,3
DA:251,3
DA:253,3
DA:254,3
DA:256,3
DA:257,12
DA:258,6
DA:259,9
DA:265,3
DA:266,3
DA:267,3
DA:270,3
DA:271,3
DA:272,6
DA:273,3
DA:274,18
DA:283,3
DA:285,6
DA:286,9
DA:295,3
DA:297,3
DA:298,3
DA:299,3
DA:302,3
DA:304,3
DA:305,3
DA:307,3
DA:309,3
DA:310,3
DA:312,3
DA:313,3
DA:314,3
DA:321,3
DA:322,0
DA:324,0
DA:325,0
DA:326,0
DA:338,3
DA:340,3
DA:341,6
DA:342,0
DA:343,3
DA:344,3
DA:345,3
DA:346,6
DA:349,3
DA:351,3
DA:352,3
DA:353,6
DA:355,6
DA:358,3
DA:359,3
DA:360,6
DA:361,3
DA:364,6
DA:374,3
DA:375,3
DA:378,3
DA:380,0
DA:383,0
DA:388,0
DA:389,0
DA:390,0
DA:399,3
DA:400,3
DA:401,3
DA:402,6
DA:417,3
DA:418,3
DA:421,3
DA:423,3
DA:424,3
DA:429,3
DA:431,3
DA:432,3
DA:433,3
DA:434,3
DA:435,3
DA:437,3
DA:438,3
DA:440,3
DA:452,3
DA:454,3
DA:456,3
DA:458,3
DA:460,3
LF:211
LH:142
end_of_record
SF:lib/src/screens/curriculum_screen.dart
DA:11,2
DA:17,2
DA:18,2
DA:25,2
DA:27,2
DA:28,2
DA:30,0
DA:32,4
DA:34,2
DA:36,2
DA:37,2
DA:39,2
DA:41,2
DA:46,2
DA:47,2
DA:49,2
DA:55,2
DA:56,2
DA:59,2
DA:65,2
DA:66,2
DA:71,2
DA:78,4
DA:79,2
DA:81,2
DA:82,2
DA:89,0
DA:90,0
DA:91,0
DA:98,2
DA:99,2
DA:100,2
DA:101,2
DA:102,2
DA:103,6
DA:104,4
DA:105,2
DA:106,2
DA:107,4
DA:109,2
DA:111,2
DA:114,0
DA:115,0
DA:116,0
DA:119,2
DA:121,2
DA:122,2
DA:126,2
DA:127,4
DA:128,2
DA:131,2
DA:139,2
DA:140,2
DA:141,2
DA:151,2
DA:152,2
DA:158,2
DA:159,2
DA:162,2
DA:164,0
DA:165,2
DA:166,2
DA:167,2
DA:173,2
DA:175,2
DA:196,2
DA:197,2
DA:199,2
DA:201,2
DA:203,2
DA:205,2
DA:206,2
DA:207,2
DA:209,2
DA:210,2
DA:211,6
DA:218,2
DA:219,2
DA:228,2
DA:232,2
DA:237,2
DA:238,2
DA:240,0
DA:241,0
DA:242,0
DA:252,2
DA:254,2
DA:256,2
DA:257,2
DA:259,2
DA:261,2
DA:277,2
DA:278,6
DA:281,2
DA:284,2
DA:289,2
DA:290,2
DA:305,2
DA:307,2
DA:309,2
DA:310,2
DA:312,2
DA:314,2
DA:323,2
DA:324,2
DA:346,2
DA:349,4
DA:350,2
DA:351,2
DA:352,4
DA:353,2
DA:355,2
DA:357,2
DA:358,2
DA:360,2
DA:361,2
DA:362,2
DA:365,2
DA:369,2
DA:370,2
DA:371,4
DA:379,2
DA:380,2
DA:382,2
DA:383,2
DA:384,2
DA:390,2
DA:391,10
DA:399,2
DA:400,2
DA:404,0
DA:405,0
DA:406,0
DA:407,0
LF:134
LH:119
end_of_record
SF:lib/src/screens/labs_screen.dart
DA:17,3
DA:23,3
DA:24,3
DA:35,3
DA:37,3
DA:38,3
DA:41,3
DA:43,9
DA:44,0
DA:46,3
DA:48,3
DA:49,6
DA:51,9
DA:52,0
DA:53,0
DA:56,3
DA:59,3
DA:60,9
DA:61,6
DA:62,6
DA:64,6
DA:65,3
DA:66,3
DA:67,3
DA:68,3
DA:69,3
DA:70,3
DA:71,3
DA:72,3
DA:75,10
DA:76,3
DA:80,0
DA:81,0
DA:82,0
DA:84,0
DA:86,0
DA:87,0
DA:88,0
DA:89,0
DA:94,0
DA:97,0
DA:98,0
DA:99,0
DA:100,0
DA:101,0
DA:106,3
DA:108,9
DA:110,3
DA:112,3
DA:113,3
DA:114,6
DA:116,2
DA:117,6
DA:118,3
DA:120,3
DA:124,3
DA:126,3
DA:127,3
DA:129,3
DA:130,3
DA:131,3
DA:132,6
DA:133,0
DA:135,6
DA:136,0
DA:140,3
DA:141,3
DA:142,6
DA:143,3
DA:146,6
DA:150,3
DA:152,3
DA:154,3
DA:156,3
DA:157,12
DA:158,3
DA:161,9
DA:169,3
DA:171,3
DA:172,3
DA:177,3
DA:180,3
DA:181,6
DA:182,6
DA:183,3
DA:184,6
DA:190,3
DA:194,3
DA:195,3
DA:197,18
DA:198,3
DA:203,15
DA:204,3
DA:207,3
DA:210,3
DA:215,6
DA:216,3
DA:219,3
DA:222,3
DA:226,3
DA:228,6
DA:229,0
DA:232,0
DA:236,0
DA:241,3
DA:243,3
DA:245,3
DA:246,3
DA:248,3
DA:251,3
DA:252,3
DA:253,15
DA:257,3
DA:258,3
DA:262,3
DA:263,6
DA:271,1
DA:273,1
DA:274,1
DA:282,1
DA:284,1
DA:285,1
DA:286,2
DA:294,2
DA:296,2
DA:297,2
DA:298,2
DA:300,2
DA:301,2
DA:303,4
DA:310,2
DA:312,2
DA:313,2
DA:316,2
DA:317,2
DA:318,2
DA:319,4
LF:137
LH:115
end_of_record
SF:lib/src/screens/model_games_screen.dart
DA:12,2
DA:14,2
DA:15,2
DA:29,2
DA:31,2
DA:32,2
DA:33,6
DA:36,2
DA:37,4
DA:38,2
DA:39,4
DA:40,8
DA:42,4
DA:43,8
DA:44,6
DA:45,2
DA:46,6
DA:47,8
DA:50,2
DA:51,8
DA:52,2
DA:56,0
DA:57,0
DA:58,0
DA:59,0
DA:63,0
DA:64,0
DA:66,0
DA:67,0
DA:69,0
DA:70,0
DA:71,0
DA:72,0
DA:75,0
DA:76,0
DA:81,2
DA:83,2
DA:85,2
DA:87,2
DA:89,2
DA:90,2
DA:92,2
DA:94,2
DA:95,2
DA:97,2
DA:98,2
DA:100,2
DA:101,2
DA:102,2
DA:118,2
DA:119,2
DA:120,4
DA:121,2
DA:122,2
DA:123,4
DA:124,8
DA:126,2
DA:128,2
DA:131,0
DA:132,2
DA:133,6
DA:134,2
DA:140,2
DA:141,8
DA:157,2
DA:159,2
DA:160,2
DA:162,2
DA:166,2
DA:167,2
DA:168,2
DA:169,4
DA:171,2
DA:172,2
DA:173,2
DA:174,2
DA:175,2
DA:179,2
DA:180,2
DA:181,6
DA:185,2
DA:186,2
DA:188,0
DA:189,0
DA:190,0
DA:191,0
DA:199,2
DA:200,2
DA:201,2
DA:204,2
DA:205,2
DA:206,2
DA:207,2
DA:216,2
DA:218,2
DA:219,2
DA:221,4
DA:223,2
DA:225,4
DA:227,2
DA:229,2
DA:230,10
DA:234,2
DA:236,10
DA:238,2
DA:240,10
DA:251,2
DA:253,2
DA:254,2
DA:255,2
DA:258,2
DA:261,2
DA:265,4
DA:267,0
DA:268,0
DA:269,0
DA:274,2
DA:275,2
DA:276,4
DA:277,2
DA:278,2
LF:121
LH:99
end_of_record
SF:lib/src/screens/video_studio_screen.dart
DA:14,2
DA:16,2
DA:17,2
DA:34,2
DA:36,2
DA:37,4
DA:38,6
DA:39,0
DA:41,4
DA:42,2
DA:45,2
DA:46,4
DA:47,2
DA:50,2
DA:51,2
DA:52,2
DA:53,2
DA:54,2
DA:55,2
DA:56,2
DA:59,2
DA:60,6
DA:62,4
DA:64,6
DA:68,4
DA:69,2
DA:70,2
DA:74,2
DA:76,10
DA:77,4
DA:79,2
DA:81,2
DA:83,2
DA:84,2
DA:86,2
DA:88,2
DA:90,2
DA:91,2
DA:94,2
DA:96,2
DA:97,2
DA:99,2
DA:118,2
DA:119,2
DA:122,2
DA:123,4
DA:126,4
DA:127,2
DA:129,4
DA:131,2
DA:132,0
DA:134,0
DA:135,0
DA:136,0
DA:145,8
DA:147,2
DA:148,2
DA:152,0
DA:153,0
DA:154,0
DA:157,0
DA:161,8
DA:163,2
DA:164,2
DA:168,0
DA:169,0
DA:170,0
DA:173,0
DA:179,2
DA:182,2
DA:184,0
DA:186,2
DA:189,2
DA:191,0
DA:193,2
DA:196,2
DA:198,0
DA:206,2
DA:208,2
DA:210,2
DA:211,2
DA:213,2
DA:214,2
DA:219,2
DA:222,2
DA:227,0
DA:228,0
DA:229,0
DA:244,2
DA:245,2
DA:246,2
DA:248,2
DA:251,2
DA:253,2
DA:254,2
DA:256,2
DA:258,2
DA:259,2
DA:260,14
DA:263,6
DA:264,2
DA:265,2
DA:267,2
DA:268,2
DA:274,2
DA:276,2
DA:277,2
DA:278,2
DA:280,2
DA:281,14
DA:290,2
DA:291,2
DA:292,2
DA:294,2
DA:295,4
DA:302,2
DA:305,2
DA:308,2
DA:319,4
DA:320,2
DA:321,4
DA:323,8
DA:325,0
DA:326,0
DA:327,0
LF:125
LH:103
end_of_record
SF:lib/src/screens/opening_explorer_screen.dart
DA:11,1
DA:13,2
DA:14,2
DA:23,2
DA:25,2
DA:26,2
DA:29,2
DA:30,4
DA:31,4
DA:32,4
DA:33,2
DA:37,0
DA:38,0
DA:39,0
DA:40,0
DA:41,0
DA:42,0
DA:46,1
DA:47,1
DA:48,1
DA:49,2
DA:50,1
DA:52,1
DA:53,1
DA:56,2
DA:57,1
DA:58,2
DA:59,2
DA:60,1
DA:64,2
DA:66,4
DA:67,4
DA:68,2
DA:69,6
DA:70,2
DA:72,2
DA:73,2
DA:74,2
DA:75,4
DA:77,0
DA:79,0
DA:80,0
DA:81,0
DA:83,0
DA:85,0
DA:86,0
DA:87,0
DA:91,0
DA:93,0
DA:99,2
DA:101,2
DA:103,2
DA:105,2
DA:107,2
DA:108,2
DA:109,2
DA:111,2
DA:112,2
DA:113,2
DA:114,2
DA:115,2
DA:120,2
DA:128,2
DA:130,2
DA:131,2
DA:132,2
DA:134,2
DA:135,2
DA:148,2
DA:149,2
DA:154,2
DA:155,2
DA:157,2
DA:158,2
DA:160,2
DA:161,2
DA:162,2
DA:183,2
DA:186,2
DA:190,2
DA:196,2
DA:197,2
DA:199,2
DA:201,2
DA:202,2
DA:204,2
DA:205,2
DA:207,2
DA:208,2
DA:209,6
DA:219,2
DA:220,2
DA:222,2
DA:224,2
DA:225,2
DA:227,2
DA:229,2
DA:230,2
DA:232,2
DA:233,2
DA:235,2
DA:236,2
DA:237,2
DA:239,2
DA:240,3
DA:251,2
DA:252,3
DA:256,2
DA:257,2
DA:258,4
DA:267,2
DA:268,2
DA:269,2
DA:271,2
DA:272,2
DA:274,2
DA:275,2
DA:276,2
DA:278,2
DA:279,2
DA:286,4
DA:288,4
DA:292,2
DA:293,2
DA:294,2
DA:295,2
DA:296,2
DA:297,2
DA:298,7
DA:299,2
DA:301,2
DA:304,2
DA:305,2
DA:307,2
DA:309,2
DA:311,2
DA:312,2
DA:316,4
DA:317,2
DA:318,4
DA:322,2
DA:333,0
LF:142
LH:125
end_of_record
SF:lib/src/screens/endgame_workspace_screen.dart
DA:16,2
DA:29,2
DA:31,2
DA:32,2
DA:82,2
DA:84,2
DA:85,4
DA:86,4
DA:87,4
DA:88,4
DA:91,2
DA:92,4
DA:93,2
DA:94,6
DA:95,4
DA:96,2
DA:97,4
DA:101,0
DA:102,0
DA:103,0
DA:104,0
DA:106,0
DA:107,0
DA:110,0
DA:111,0
DA:112,0
DA:113,0
DA:114,0
DA:119,0
DA:120,0
DA:121,0
DA:127,0
DA:128,0
DA:129,0
DA:131,0
DA:132,0
DA:133,0
DA:134,0
DA:136,0
DA:137,0
DA:142,2
DA:144,2
DA:145,2
DA:146,2
DA:147,4
DA:150,0
DA:152,0
DA:153,0
DA:154,0
DA:156,0
DA:158,0
DA:159,0
DA:160,0
DA:164,0
DA:166,0
DA:172,2
DA:174,2
DA:176,2
DA:177,2
DA:179,2
DA:180,2
DA:181,2
DA:183,2
DA:184,2
DA:185,2
DA:186,2
DA:187,2
DA:192,2
DA:197,2
DA:199,2
DA:200,2
DA:201,2
DA:203,2
DA:204,2
DA:217,2
DA:218,2
DA:223,2
DA:224,2
DA:226,2
DA:227,2
DA:229,2
DA:230,2
DA:231,2
DA:252,2
DA:255,2
DA:259,3
DA:265,2
DA:266,2
DA:268,2
DA:269,2
DA:270,2
DA:271,4
DA:273,2
DA:274,2
DA:275,2
DA:276,2
DA:277,2
DA:281,2
DA:282,2
DA:283,2
DA:284,2
DA:287,2
DA:296,2
DA:297,2
DA:299,2
DA:301,2
DA:302,2
DA:304,2
DA:306,2
DA:307,2
DA:309,2
DA:310,2
DA:312,2
DA:313,2
DA:314,2
DA:316,2
DA:317,6
DA:325,2
DA:326,4
DA:330,6
DA:332,2
DA:334,2
DA:336,2
DA:338,2
DA:340,2
DA:343,6
DA:352,2
DA:353,2
DA:354,2
DA:356,2
DA:357,2
DA:359,2
DA:360,2
DA:361,2
DA:362,2
DA:363,2
DA:364,8
DA:365,2
DA:367,2
DA:370,2
DA:371,4
DA:372,4
DA:374,2
DA:382,0
LF:144
LH:110
end_of_record
SF:lib/src/screens/weakness_analytics_screen.dart
DA:14,1
DA:20,1
DA:22,2
DA:23,2
DA:24,2
DA:27,1
DA:28,2
DA:29,3
DA:32,1
DA:33,1
DA:35,1
DA:37,1
DA:39,1
DA:44,1
DA:45,1
DA:47,1
DA:48,1
DA:50,1
DA:51,1
DA:52,1
DA:73,1
DA:75,1
DA:77,1
DA:78,1
DA:80,1
DA:81,2
DA:91,1
DA:92,1
DA:93,2
DA:95,0
DA:96,0
DA:97,0
DA:99,0
DA:103,1
DA:105,1
DA:106,2
DA:108,2
DA:127,1
DA:134,1
DA:135,1
DA:137,1
DA:139,1
DA:140,1
DA:142,1
DA:143,1
DA:152,1
DA:154,1
DA:161,1
DA:162,1
DA:163,1
DA:164,1
DA:165,1
DA:166,1
DA:167,1
DA:170,1
DA:172,1
DA:174,1
DA:175,1
DA:177,1
DA:179,1
DA:182,2
DA:183,1
DA:185,1
DA:187,1
DA:188,1
DA:190,1
DA:191,2
DA:192,1
DA:194,3
DA:197,1
DA:198,1
DA:200,1
DA:201,2
DA:202,2
DA:215,1
DA:216,1
DA:233,1
DA:242,1
DA:243,1
DA:244,1
DA:245,1
DA:247,1
DA:249,1
DA:250,1
DA:252,1
DA:254,1
DA:255,1
DA:257,1
DA:258,1
DA:259,1
DA:260,1
DA:265,1
DA:267,1
DA:268,1
DA:269,1
DA:271,1
DA:272,2
DA:279,1
DA:280,1
DA:281,1
DA:288,1
DA:290,1
DA:291,1
DA:292,2
DA:295,1
DA:296,0
LF:106
LH:101
end_of_record
SF:lib/src/screens/settings_storage_screen.dart
DA:10,2
DA:16,2
DA:17,2
DA:24,2
DA:26,2
DA:27,8
DA:30,1
DA:31,3
DA:32,1
DA:33,1
DA:34,2
DA:37,1
DA:40,1
DA:42,1
DA:45,1
DA:46,1
DA:48,2
DA:49,1
DA:55,1
DA:56,1
DA:57,3
DA:65,1
DA:66,1
DA:67,1
DA:68,1
DA:69,2
DA:72,1
DA:75,1
DA:76,1
DA:79,1
DA:80,1
DA:84,1
DA:88,2
DA:95,1
DA:96,1
DA:97,1
DA:98,1
DA:99,1
DA:101,5
DA:102,2
DA:103,2
DA:104,4
DA:105,1
DA:108,0
DA:109,0
DA:120,2
DA:122,8
DA:123,8
DA:124,8
DA:125,6
DA:127,2
DA:128,2
DA:130,2
DA:132,2
DA:134,2
DA:135,2
DA:136,2
DA:138,2
DA:139,2
DA:140,2
DA:161,5
DA:163,1
DA:165,1
DA:166,1
DA:167,1
DA:168,1
DA:170,1
DA:171,1
DA:174,2
DA:180,2
DA:183,2
DA:184,2
DA:185,4
DA:187,6
DA:189,6
DA:191,6
DA:195,2
DA:198,2
DA:200,2
DA:202,2
DA:203,2
DA:205,2
DA:207,2
DA:212,2
DA:213,2
DA:214,2
DA:217,2
DA:218,2
DA:221,2
DA:224,2
DA:225,2
DA:233,2
DA:236,2
DA:238,2
DA:240,2
DA:241,2
DA:243,2
DA:245,2
DA:248,2
DA:253,2
DA:254,4
DA:255,2
DA:260,2
DA:280,2
DA:281,2
DA:283,2
DA:285,2
DA:286,2
DA:288,2
DA:290,2
DA:291,2
DA:293,2
DA:295,2
LF:113
LH:111
end_of_record
SF:lib/src/widgets/board/move_list_widget.dart
DA:11,3
DA:18,3
DA:21,3
DA:22,12
DA:23,6
DA:24,18
DA:26,9
DA:27,9
DA:29,3
DA:30,3
DA:32,3
DA:33,3
DA:35,3
DA:37,3
DA:38,6
DA:48,3
DA:49,3
DA:50,4
DA:51,3
DA:52,3
DA:54,3
DA:56,3
DA:57,2
DA:59,3
DA:60,3
DA:61,3
DA:74,3
DA:77,2
DA:78,0
DA:79,2
DA:80,2
DA:82,2
DA:84,2
DA:85,0
DA:87,2
DA:88,2
DA:89,2
DA:104,3
DA:105,3
DA:107,3
DA:108,3
DA:110,3
DA:112,3
DA:113,3
DA:129,3
DA:130,3
DA:132,3
DA:133,3
LF:48
LH:46
end_of_record
SF:lib/src/widgets/board/evaluation_bar_widget.dart
DA:10,3
DA:16,4
DA:20,4
DA:22,2
DA:23,0
DA:25,2
DA:27,2
DA:28,2
DA:31,5
DA:33,4
DA:34,4
DA:35,4
DA:36,4
DA:38,4
DA:39,4
DA:41,4
DA:42,4
DA:44,4
DA:45,4
DA:46,4
DA:49,4
DA:50,4
DA:51,4
DA:58,4
DA:59,4
DA:61,4
DA:64,4
LF:27
LH:26
end_of_record
SF:lib/main.dart
DA:18,0
DA:19,0
DA:20,0
DA:28,3
DA:35,3
DA:36,3
DA:42,3
DA:44,3
DA:45,9
DA:48,0
DA:49,0
DA:50,0
DA:54,3
DA:56,3
DA:59,3
DA:60,3
DA:61,3
DA:62,3
DA:63,6
DA:64,6
DA:65,3
DA:66,6
DA:78,3
DA:86,3
DA:87,3
DA:95,3
DA:97,3
DA:98,10
DA:101,2
DA:102,4
DA:103,2
DA:104,2
DA:108,3
DA:110,6
DA:111,9
DA:112,3
DA:114,3
DA:115,3
DA:116,3
DA:118,3
DA:125,2
DA:127,2
DA:129,2
DA:130,2
DA:131,2
DA:132,2
DA:134,2
DA:135,4
DA:142,3
DA:144,3
DA:145,9
DA:147,6
DA:164,3
DA:167,1
DA:168,2
DA:169,1
DA:171,2
DA:174,1
DA:177,1
DA:179,1
DA:180,1
DA:181,3
DA:193,1
DA:194,2
DA:195,2
DA:196,2
DA:197,6
DA:198,4
DA:199,1
DA:200,2
DA:259,4
DA:263,1
DA:264,2
DA:265,1
DA:266,2
DA:281,2
DA:283,2
DA:285,1
DA:287,1
DA:289,1
DA:291,1
DA:293,1
DA:295,1
DA:297,1
DA:299,1
DA:301,1
DA:303,1
DA:305,0
DA:312,1
DA:314,1
DA:316,1
DA:318,1
DA:320,1
DA:322,1
DA:324,1
DA:326,1
DA:328,1
DA:330,1
DA:332,1
DA:334,1
DA:336,0
DA:343,1
DA:345,1
DA:347,1
DA:349,1
DA:351,0
DA:353,0
DA:360,1
DA:362,1
DA:364,1
DA:366,1
DA:368,0
DA:370,0
DA:372,0
DA:379,3
DA:380,3
DA:381,3
DA:382,3
DA:383,3
DA:384,3
DA:386,2
DA:387,1
DA:388,1
DA:389,1
DA:391,2
DA:392,2
DA:393,2
DA:394,2
DA:396,1
DA:397,1
DA:398,1
DA:399,1
DA:400,1
DA:401,2
DA:403,1
DA:404,1
DA:405,1
DA:406,1
DA:407,2
DA:409,1
DA:410,0
DA:411,0
DA:413,1
DA:415,1
DA:416,1
DA:417,1
DA:419,1
DA:420,0
DA:421,0
DA:422,0
DA:424,1
DA:425,1
DA:426,1
DA:428,1
DA:429,1
DA:430,1
DA:432,0
DA:433,0
DA:434,0
DA:435,0
DA:438,0
DA:439,0
DA:440,0
LF:163
LH:138
end_of_record
SF:lib/src/screens/daily_journey_screen.dart
DA:12,3
DA:18,3
DA:19,3
DA:27,3
DA:29,3
DA:30,12
DA:31,9
DA:32,3
DA:35,3
DA:36,6
DA:37,6
DA:38,6
DA:39,9
DA:43,0
DA:44,0
DA:45,0
DA:46,0
DA:47,0
DA:48,0
DA:52,3
DA:54,9
DA:55,12
DA:56,15
DA:58,3
DA:60,3
DA:62,3
DA:64,3
DA:66,3
DA:68,3
DA:74,3
DA:75,3
DA:77,3
DA:79,3
DA:80,3
DA:85,3
DA:86,3
DA:88,3
DA:89,3
DA:90,3
DA:91,3
DA:93,3
DA:94,9
DA:102,3
DA:103,15
DA:109,3
DA:110,3
DA:118,3
DA:119,3
DA:123,3
DA:124,3
DA:125,3
DA:139,3
DA:144,3
DA:149,3
DA:152,3
DA:153,3
DA:154,3
DA:155,3
DA:164,3
DA:165,0
DA:168,0
DA:169,0
DA:170,0
DA:171,0
DA:173,0
DA:174,0
DA:177,0
DA:178,0
DA:179,0
DA:183,0
DA:184,0
DA:189,0
DA:197,3
DA:200,9
DA:201,3
DA:202,3
DA:203,9
DA:204,3
DA:213,3
DA:214,6
DA:215,3
DA:216,3
DA:218,0
DA:221,3
DA:229,3
DA:230,3
DA:232,3
DA:234,3
DA:235,3
DA:236,6
DA:240,3
DA:241,3
DA:243,3
DA:246,3
DA:248,3
DA:250,3
DA:252,3
DA:253,3
DA:254,9
DA:268,3
DA:269,3
DA:271,3
DA:272,3
DA:276,3
DA:277,3
DA:278,3
DA:285,3
DA:286,3
DA:288,3
DA:289,3
DA:290,3
DA:300,3
DA:301,3
DA:309,3
DA:310,3
DA:314,6
DA:316,1
DA:317,2
DA:318,0
DA:319,2
DA:320,0
DA:322,5
LF:122
LH:100
end_of_record
